<?xml version="1.0" encoding="UTF-8"?>
<coverage generated="1773911979627" clover="3.2.0">
  <project timestamp="1773911979628" name="All files">
    <metrics statements="1121" coveredstatements="971" conditionals="617" coveredconditionals="451" methods="216" coveredmethods="202" elements="1954" coveredelements="1624" complexity="0" loc="1121" ncloc="1121" packages="10" files="25" classes="25"/>
    <package name="client.store">
      <metrics statements="39" coveredstatements="39" conditionals="12" coveredconditionals="10" methods="26" coveredmethods="26"/>
      <file name="board-store.ts" path="D:\maestro2\dashboard\src\client\store\board-store.ts">
        <metrics statements="16" coveredstatements="16" conditionals="8" coveredconditionals="7" methods="10" coveredmethods="10"/>
        <line num="20" count="1" type="stmt"/>
        <line num="25" count="4" type="stmt"/>
        <line num="28" count="3" type="stmt"/>
        <line num="29" count="3" type="cond" truecount="2" falsecount="0"/>
        <line num="30" count="2" type="stmt"/>
        <line num="31" count="4" type="cond" truecount="2" falsecount="0"/>
        <line num="33" count="2" type="stmt"/>
        <line num="40" count="2" type="stmt"/>
        <line num="41" count="2" type="cond" truecount="2" falsecount="0"/>
        <line num="42" count="1" type="stmt"/>
        <line num="43" count="1" type="stmt"/>
        <line num="44" count="1" type="cond" truecount="1" falsecount="1"/>
        <line num="45" count="1" type="stmt"/>
        <line num="47" count="1" type="stmt"/>
        <line num="50" count="2" type="stmt"/>
        <line num="52" count="3" type="stmt"/>
      </file>
      <file name="execution-store.ts" path="D:\maestro2\dashboard\src\client\store\execution-store.ts">
        <metrics statements="23" coveredstatements="23" conditionals="4" coveredconditionals="3" methods="16" coveredmethods="16"/>
        <line num="35" count="1" type="stmt"/>
        <line num="43" count="4" type="stmt"/>
        <line num="48" count="1" type="stmt"/>
        <line num="49" count="1" type="stmt"/>
        <line num="50" count="1" type="stmt"/>
        <line num="53" count="1" type="stmt"/>
        <line num="56" count="1" type="stmt"/>
        <line num="62" count="3" type="stmt"/>
        <line num="63" count="3" type="stmt"/>
        <line num="64" count="3" type="cond" truecount="2" falsecount="0"/>
        <line num="65" count="1" type="stmt"/>
        <line num="67" count="2" type="stmt"/>
        <line num="69" count="3" type="stmt"/>
        <line num="73" count="2" type="stmt"/>
        <line num="76" count="1" type="stmt"/>
        <line num="79" count="1" type="stmt"/>
        <line num="82" count="1" type="stmt"/>
        <line num="85" count="2" type="stmt"/>
        <line num="86" count="2" type="stmt"/>
        <line num="87" count="1" type="cond" truecount="1" falsecount="1"/>
        <line num="89" count="1" type="stmt"/>
        <line num="93" count="2" type="stmt"/>
        <line num="94" count="2" type="stmt"/>
      </file>
    </package>
    <package name="client.utils">
      <metrics statements="16" coveredstatements="16" conditionals="4" coveredconditionals="4" methods="1" coveredmethods="1"/>
      <file name="parseWorkflow.ts" path="D:\maestro2\dashboard\src\client\utils\parseWorkflow.ts">
        <metrics statements="16" coveredstatements="16" conditionals="4" coveredconditionals="4" methods="1" coveredmethods="1"/>
        <line num="20" count="9" type="stmt"/>
        <line num="21" count="9" type="stmt"/>
        <line num="24" count="9" type="stmt"/>
        <line num="26" count="9" type="stmt"/>
        <line num="27" count="11" type="stmt"/>
        <line num="28" count="11" type="stmt"/>
        <line num="29" count="11" type="stmt"/>
        <line num="31" count="11" type="cond" truecount="2" falsecount="0"/>
        <line num="33" count="4" type="stmt"/>
        <line num="34" count="4" type="stmt"/>
        <line num="42" count="11" type="stmt"/>
        <line num="43" count="11" type="stmt"/>
        <line num="47" count="9" type="cond" truecount="2" falsecount="0"/>
        <line num="48" count="7" type="stmt"/>
        <line num="49" count="7" type="stmt"/>
        <line num="56" count="9" type="stmt"/>
      </file>
    </package>
    <package name="server.agents">
      <metrics statements="87" coveredstatements="87" conditionals="78" coveredconditionals="55" methods="22" coveredmethods="21"/>
      <file name="entry-normalizer.ts" path="D:\maestro2\dashboard\src\server\agents\entry-normalizer.ts">
        <metrics statements="11" coveredstatements="11" conditionals="0" coveredconditionals="0" methods="12" coveredmethods="11"/>
        <line num="28" count="4" type="stmt"/>
        <line num="42" count="2" type="stmt"/>
        <line num="53" count="1" type="stmt"/>
        <line num="69" count="2" type="stmt"/>
        <line num="87" count="2" type="stmt"/>
        <line num="104" count="1" type="stmt"/>
        <line num="121" count="1" type="stmt"/>
        <line num="137" count="1" type="stmt"/>
        <line num="152" count="2" type="stmt"/>
        <line num="167" count="1" type="stmt"/>
        <line num="184" count="2" type="stmt"/>
      </file>
      <file name="sdk-message-translator.ts" path="D:\maestro2\dashboard\src\server\agents\sdk-message-translator.ts">
        <metrics statements="76" coveredstatements="76" conditionals="78" coveredconditionals="55" methods="10" coveredmethods="10"/>
        <line num="26" count="18" type="stmt"/>
        <line num="29" count="18" type="stmt"/>
        <line num="41" count="24" type="stmt"/>
        <line num="43" count="24" type="cond" truecount="13" falsecount="0"/>
        <line num="45" count="1" type="cond" truecount="1" falsecount="1"/>
        <line num="46" count="1" type="stmt"/>
        <line num="48" count="1" type="stmt"/>
        <line num="51" count="9" type="stmt"/>
        <line num="52" count="9" type="stmt"/>
        <line num="55" count="2" type="cond" truecount="2" falsecount="0"/>
        <line num="56" count="1" type="stmt"/>
        <line num="57" count="1" type="cond" truecount="1" falsecount="1"/>
        <line num="58" count="1" type="stmt"/>
        <line num="64" count="2" type="stmt"/>
        <line num="67" count="3" type="stmt"/>
        <line num="68" count="3" type="stmt"/>
        <line num="71" count="1" type="stmt"/>
        <line num="78" count="1" type="stmt"/>
        <line num="81" count="1" type="stmt"/>
        <line num="87" count="1" type="stmt"/>
        <line num="96" count="6" type="stmt"/>
        <line num="100" count="1" type="stmt"/>
        <line num="103" count="24" type="stmt"/>
        <line num="111" count="9" type="stmt"/>
        <line num="113" count="9" type="cond" truecount="2" falsecount="0"/>
        <line num="114" count="1" type="stmt"/>
        <line num="119" count="1" type="stmt"/>
        <line num="122" count="8" type="stmt"/>
        <line num="123" count="8" type="cond" truecount="1" falsecount="1"/>
        <line num="125" count="9" type="stmt"/>
        <line num="126" count="9" type="cond" truecount="3" falsecount="0"/>
        <line num="128" count="2" type="stmt"/>
        <line num="133" count="2" type="stmt"/>
        <line num="136" count="2" type="stmt"/>
        <line num="142" count="2" type="stmt"/>
        <line num="145" count="5" type="stmt"/>
        <line num="146" count="5" type="cond" truecount="1" falsecount="1"/>
        <line num="147" count="5" type="cond" truecount="1" falsecount="1"/>
        <line num="148" count="5" type="stmt"/>
        <line num="149" count="5" type="stmt"/>
        <line num="150" count="5" type="stmt"/>
        <line num="155" count="8" type="stmt"/>
        <line num="159" count="1" type="stmt"/>
        <line num="160" count="1" type="cond" truecount="1" falsecount="1"/>
        <line num="162" count="1" type="stmt"/>
        <line num="163" count="1" type="stmt"/>
        <line num="164" count="1" type="cond" truecount="1" falsecount="1"/>
        <line num="166" count="1" type="stmt"/>
        <line num="167" count="1" type="cond" truecount="1" falsecount="1"/>
        <line num="171" count="1" type="stmt"/>
        <line num="178" count="1" type="stmt"/>
        <line num="179" count="1" type="stmt"/>
        <line num="195" count="6" type="cond" truecount="4" falsecount="0"/>
        <line num="197" count="1" type="stmt"/>
        <line num="206" count="1" type="stmt"/>
        <line num="214" count="3" type="stmt"/>
        <line num="223" count="1" type="stmt"/>
        <line num="235" count="3" type="stmt"/>
        <line num="237" count="3" type="cond" truecount="2" falsecount="0"/>
        <line num="238" count="2" type="cond" truecount="2" falsecount="0"/>
        <line num="239" count="1" type="stmt"/>
        <line num="247" count="2" type="stmt"/>
        <line num="248" count="2" type="stmt"/>
        <line num="257" count="2" type="stmt"/>
        <line num="263" count="1" type="stmt"/>
        <line num="269" count="1" type="stmt"/>
        <line num="277" count="3" type="stmt"/>
        <line num="285" count="1" type="cond" truecount="3" falsecount="1"/>
        <line num="286" count="1" type="stmt"/>
        <line num="287" count="1" type="cond" truecount="1" falsecount="1"/>
        <line num="288" count="1" type="cond" truecount="1" falsecount="1"/>
        <line num="289" count="1" type="cond" truecount="1" falsecount="1"/>
        <line num="290" count="1" type="stmt"/>
        <line num="291" count="1" type="stmt"/>
        <line num="292" count="1" type="stmt"/>
        <line num="301" count="22" type="stmt"/>
      </file>
    </package>
    <package name="server.agents.tools">
      <metrics statements="37" coveredstatements="37" conditionals="18" coveredconditionals="18" methods="11" coveredmethods="11"/>
      <file name="issue-mcp-server.ts" path="D:\maestro2\dashboard\src\server\agents\tools\issue-mcp-server.ts">
        <metrics statements="37" coveredstatements="37" conditionals="18" coveredconditionals="18" methods="11" coveredmethods="11"/>
        <line num="24" count="18" type="stmt"/>
        <line num="29" count="3" type="stmt"/>
        <line num="30" count="3" type="stmt"/>
        <line num="31" count="3" type="cond" truecount="2" falsecount="0"/>
        <line num="32" count="2" type="stmt"/>
        <line num="34" count="1" type="stmt"/>
        <line num="38" count="18" type="stmt"/>
        <line num="46" count="7" type="stmt"/>
        <line num="47" count="7" type="cond" truecount="2" falsecount="0"/>
        <line num="48" count="6" type="stmt"/>
        <line num="50" count="7" type="cond" truecount="2" falsecount="0"/>
        <line num="51" count="5" type="stmt"/>
        <line num="53" count="9" type="stmt"/>
        <line num="63" count="7" type="stmt"/>
        <line num="67" count="18" type="stmt"/>
        <line num="90" count="6" type="stmt"/>
        <line num="91" count="6" type="stmt"/>
        <line num="92" count="6" type="stmt"/>
        <line num="93" count="6" type="cond" truecount="2" falsecount="0"/>
        <line num="94" count="1" type="stmt"/>
        <line num="97" count="5" type="stmt"/>
        <line num="99" count="5" type="cond" truecount="2" falsecount="0"/>
        <line num="100" count="3" type="stmt"/>
        <line num="102" count="5" type="cond" truecount="2" falsecount="0"/>
        <line num="103" count="2" type="stmt"/>
        <line num="109" count="5" type="cond" truecount="2" falsecount="0"/>
        <line num="110" count="2" type="stmt"/>
        <line num="117" count="5" type="stmt"/>
        <line num="118" count="5" type="stmt"/>
        <line num="119" count="5" type="stmt"/>
        <line num="120" count="5" type="stmt"/>
        <line num="123" count="6" type="cond" truecount="2" falsecount="0"/>
        <line num="124" count="1" type="stmt"/>
        <line num="126" count="5" type="stmt"/>
        <line num="130" count="18" type="stmt"/>
        <line num="138" count="18" type="stmt"/>
        <line num="139" count="18" type="stmt"/>
      </file>
    </package>
    <package name="server.commander">
      <metrics statements="244" coveredstatements="171" conditionals="128" coveredconditionals="93" methods="37" coveredmethods="29"/>
      <file name="commander-agent.ts" path="D:\maestro2\dashboard\src\server\commander\commander-agent.ts">
        <metrics statements="155" coveredstatements="88" conditionals="66" coveredconditionals="38" methods="23" coveredmethods="15"/>
        <line num="40" count="0" type="stmt"/>
        <line num="41" count="0" type="stmt"/>
        <line num="43" count="0" type="stmt"/>
        <line num="45" count="0" type="stmt"/>
        <line num="46" count="0" type="stmt"/>
        <line num="47" count="0" type="stmt"/>
        <line num="48" count="0" type="cond" truecount="0" falsecount="2"/>
        <line num="49" count="0" type="stmt"/>
        <line num="50" count="0" type="stmt"/>
        <line num="55" count="0" type="stmt"/>
        <line num="62" count="1" type="stmt"/>
        <line num="68" count="50" type="cond" truecount="2" falsecount="2"/>
        <line num="78" count="28" type="stmt"/>
        <line num="79" count="28" type="stmt"/>
        <line num="80" count="28" type="stmt"/>
        <line num="81" count="28" type="stmt"/>
        <line num="82" count="28" type="stmt"/>
        <line num="85" count="28" type="stmt"/>
        <line num="86" count="28" type="stmt"/>
        <line num="87" count="28" type="stmt"/>
        <line num="88" count="28" type="stmt"/>
        <line num="89" count="28" type="stmt"/>
        <line num="92" count="28" type="stmt"/>
        <line num="93" count="28" type="stmt"/>
        <line num="109" count="0" type="cond" truecount="0" falsecount="2"/>
        <line num="112" count="0" type="stmt"/>
        <line num="113" count="0" type="stmt"/>
        <line num="115" count="0" type="stmt"/>
        <line num="118" count="0" type="stmt"/>
        <line num="119" count="0" type="stmt"/>
        <line num="122" count="0" type="stmt"/>
        <line num="123" count="0" type="stmt"/>
        <line num="130" count="3" type="cond" truecount="1" falsecount="1"/>
        <line num="131" count="0" type="stmt"/>
        <line num="132" count="0" type="stmt"/>
        <line num="134" count="3" type="cond" truecount="1" falsecount="1"/>
        <line num="135" count="0" type="stmt"/>
        <line num="136" count="0" type="stmt"/>
        <line num="138" count="3" type="stmt"/>
        <line num="139" count="3" type="stmt"/>
        <line num="140" count="3" type="stmt"/>
        <line num="145" count="4" type="stmt"/>
        <line num="146" count="4" type="stmt"/>
        <line num="147" count="4" type="stmt"/>
        <line num="152" count="2" type="cond" truecount="2" falsecount="0"/>
        <line num="153" count="1" type="stmt"/>
        <line num="154" count="1" type="stmt"/>
        <line num="155" count="1" type="stmt"/>
        <line num="156" count="1" type="stmt"/>
        <line num="161" count="3" type="stmt"/>
        <line num="162" count="3" type="stmt"/>
        <line num="165" count="3" type="cond" truecount="5" falsecount="0"/>
        <line num="166" count="1" type="stmt"/>
        <line num="167" count="1" type="cond" truecount="1" falsecount="1"/>
        <line num="168" count="1" type="stmt"/>
        <line num="173" count="3" type="stmt"/>
        <line num="176" count="3" type="cond" truecount="3" falsecount="1"/>
        <line num="177" count="0" type="stmt"/>
        <line num="178" count="0" type="stmt"/>
        <line num="181" count="3" type="stmt"/>
        <line num="186" count="13" type="stmt"/>
        <line num="191" count="4" type="stmt"/>
        <line num="208" count="3" type="cond" truecount="2" falsecount="0"/>
        <line num="211" count="2" type="cond" truecount="2" falsecount="0"/>
        <line num="212" count="1" type="stmt"/>
        <line num="215" count="1" type="stmt"/>
        <line num="216" count="1" type="stmt"/>
        <line num="220" count="1" type="cond" truecount="1" falsecount="1"/>
        <line num="221" count="1" type="stmt"/>
        <line num="222" count="1" type="stmt"/>
        <line num="225" count="0" type="stmt"/>
        <line num="226" count="0" type="stmt"/>
        <line num="227" count="0" type="stmt"/>
        <line num="230" count="0" type="stmt"/>
        <line num="234" count="0" type="stmt"/>
        <line num="235" count="0" type="stmt"/>
        <line num="237" count="0" type="stmt"/>
        <line num="238" count="0" type="stmt"/>
        <line num="239" count="0" type="stmt"/>
        <line num="241" count="0" type="stmt"/>
        <line num="242" count="0" type="cond" truecount="0" falsecount="2"/>
        <line num="243" count="0" type="stmt"/>
        <line num="244" count="0" type="stmt"/>
        <line num="245" count="0" type="stmt"/>
        <line num="246" count="0" type="stmt"/>
        <line num="250" count="0" type="stmt"/>
        <line num="253" count="0" type="stmt"/>
        <line num="254" count="0" type="stmt"/>
        <line num="256" count="0" type="stmt"/>
        <line num="259" count="0" type="stmt"/>
        <line num="260" count="0" type="stmt"/>
        <line num="263" count="0" type="stmt"/>
        <line num="264" count="0" type="cond" truecount="0" falsecount="2"/>
        <line num="265" count="0" type="stmt"/>
        <line num="268" count="0" type="stmt"/>
        <line num="269" count="0" type="stmt"/>
        <line num="277" count="0" type="stmt"/>
        <line num="278" count="0" type="stmt"/>
        <line num="281" count="0" type="stmt"/>
        <line num="282" count="0" type="stmt"/>
        <line num="283" count="0" type="stmt"/>
        <line num="286" count="0" type="cond" truecount="0" falsecount="2"/>
        <line num="290" count="0" type="stmt"/>
        <line num="306" count="0" type="stmt"/>
        <line num="307" count="0" type="stmt"/>
        <line num="309" count="0" type="stmt"/>
        <line num="324" count="0" type="stmt"/>
        <line num="325" count="0" type="cond" truecount="0" falsecount="4"/>
        <line num="326" count="0" type="stmt"/>
        <line num="327" count="0" type="stmt"/>
        <line num="331" count="0" type="cond" truecount="0" falsecount="2"/>
        <line num="332" count="0" type="stmt"/>
        <line num="335" count="0" type="stmt"/>
        <line num="347" count="9" type="stmt"/>
        <line num="350" count="9" type="stmt"/>
        <line num="351" count="25" type="stmt"/>
        <line num="354" count="9" type="stmt"/>
        <line num="355" count="25" type="stmt"/>
        <line num="359" count="9" type="stmt"/>
        <line num="368" count="9" type="stmt"/>
        <line num="369" count="21" type="cond" truecount="2" falsecount="2"/>
        <line num="370" count="21" type="cond" truecount="2" falsecount="0"/>
        <line num="371" count="5" type="cond" truecount="2" falsecount="2"/>
        <line num="375" count="9" type="stmt"/>
        <line num="376" count="9" type="stmt"/>
        <line num="377" count="9" type="stmt"/>
        <line num="379" count="9" type="stmt"/>
        <line num="380" count="22" type="cond" truecount="2" falsecount="0"/>
        <line num="381" count="14" type="cond" truecount="2" falsecount="0"/>
        <line num="382" count="12" type="stmt"/>
        <line num="383" count="12" type="stmt"/>
        <line num="385" count="2" type="stmt"/>
        <line num="390" count="8" type="stmt"/>
        <line num="394" count="9" type="stmt"/>
        <line num="409" count="5" type="stmt"/>
        <line num="410" count="7" type="stmt"/>
        <line num="411" count="7" type="cond" truecount="6" falsecount="0"/>
        <line num="413" count="2" type="stmt"/>
        <line num="417" count="1" type="stmt"/>
        <line num="421" count="1" type="stmt"/>
        <line num="427" count="1" type="stmt"/>
        <line num="428" count="1" type="stmt"/>
        <line num="431" count="1" type="stmt"/>
        <line num="437" count="1" type="stmt"/>
        <line num="438" count="1" type="stmt"/>
        <line num="441" count="1" type="stmt"/>
        <line num="442" count="1" type="stmt"/>
        <line num="445" count="1" type="stmt"/>
        <line num="446" count="1" type="stmt"/>
        <line num="449" count="1" type="stmt"/>
        <line num="450" count="1" type="stmt"/>
        <line num="453" count="1" type="cond" truecount="1" falsecount="1"/>
        <line num="454" count="1" type="stmt"/>
        <line num="458" count="5" type="stmt"/>
        <line num="466" count="11" type="stmt"/>
      </file>
      <file name="commander-config.ts" path="D:\maestro2\dashboard\src\server\commander\commander-config.ts">
        <metrics statements="46" coveredstatements="44" conditionals="38" coveredconditionals="37" methods="4" coveredmethods="4"/>
        <line num="16" count="2" type="stmt"/>
        <line num="69" count="11" type="stmt"/>
        <line num="71" count="11" type="cond" truecount="2" falsecount="0"/>
        <line num="72" count="2" type="stmt"/>
        <line num="73" count="2" type="cond" truecount="2" falsecount="0"/>
        <line num="75" count="11" type="cond" truecount="2" falsecount="0"/>
        <line num="76" count="2" type="stmt"/>
        <line num="77" count="2" type="cond" truecount="2" falsecount="0"/>
        <line num="79" count="11" type="cond" truecount="2" falsecount="0"/>
        <line num="80" count="1" type="stmt"/>
        <line num="82" count="11" type="cond" truecount="2" falsecount="0"/>
        <line num="83" count="1" type="stmt"/>
        <line num="85" count="11" type="cond" truecount="2" falsecount="0"/>
        <line num="86" count="1" type="stmt"/>
        <line num="89" count="11" type="stmt"/>
        <line num="104" count="12" type="cond" truecount="2" falsecount="0"/>
        <line num="105" count="12" type="cond" truecount="3" falsecount="1"/>
        <line num="107" count="12" type="stmt"/>
        <line num="108" count="12" type="stmt"/>
        <line num="109" count="62" type="stmt"/>
        <line num="110" count="62" type="cond" truecount="2" falsecount="0"/>
        <line num="112" count="56" type="stmt"/>
        <line num="116" count="12" type="stmt"/>
        <line num="133" count="9" type="stmt"/>
        <line num="136" count="9" type="cond" truecount="4" falsecount="0"/>
        <line num="141" count="9" type="cond" truecount="4" falsecount="0"/>
        <line num="142" count="8" type="stmt"/>
        <line num="146" count="9" type="cond" truecount="2" falsecount="0"/>
        <line num="147" count="9" type="cond" truecount="2" falsecount="0"/>
        <line num="148" count="9" type="cond" truecount="2" falsecount="0"/>
        <line num="150" count="9" type="stmt"/>
        <line num="169" count="11" type="stmt"/>
        <line num="172" count="11" type="stmt"/>
        <line num="173" count="11" type="stmt"/>
        <line num="174" count="11" type="stmt"/>
        <line num="175" count="0" type="stmt"/>
        <line num="176" count="0" type="stmt"/>
        <line num="182" count="11" type="stmt"/>
        <line num="183" count="11" type="stmt"/>
        <line num="184" count="11" type="stmt"/>
        <line num="185" count="4" type="stmt"/>
        <line num="186" count="4" type="stmt"/>
        <line num="187" count="4" type="cond" truecount="2" falsecount="0"/>
        <line num="193" count="11" type="stmt"/>
        <line num="196" count="11" type="stmt"/>
        <line num="198" count="11" type="stmt"/>
      </file>
      <file name="commander-prompts.ts" path="D:\maestro2\dashboard\src\server\commander\commander-prompts.ts">
        <metrics statements="11" coveredstatements="11" conditionals="14" coveredconditionals="14" methods="4" coveredmethods="4"/>
        <line num="15" count="2" type="stmt"/>
        <line num="85" count="8" type="cond" truecount="2" falsecount="0"/>
        <line num="87" count="8" type="cond" truecount="2" falsecount="0"/>
        <line num="89" count="3" type="cond" truecount="4" falsecount="0"/>
        <line num="90" count="3" type="cond" truecount="2" falsecount="0"/>
        <line num="94" count="8" type="cond" truecount="2" falsecount="0"/>
        <line num="96" count="1" type="stmt"/>
        <line num="100" count="8" type="cond" truecount="2" falsecount="0"/>
        <line num="101" count="2" type="stmt"/>
        <line num="104" count="8" type="stmt"/>
        <line num="137" count="2" type="stmt"/>
      </file>
      <file name="commander-routes.ts" path="D:\maestro2\dashboard\src\server\commander\commander-routes.ts">
        <metrics statements="32" coveredstatements="28" conditionals="10" coveredconditionals="4" methods="6" coveredmethods="6"/>
        <line num="20" count="8" type="stmt"/>
        <line num="23" count="8" type="stmt"/>
        <line num="24" count="2" type="stmt"/>
        <line num="25" count="2" type="stmt"/>
        <line num="26" count="1" type="stmt"/>
        <line num="28" count="1" type="cond" truecount="1" falsecount="1"/>
        <line num="29" count="1" type="stmt"/>
        <line num="34" count="8" type="stmt"/>
        <line num="35" count="1" type="stmt"/>
        <line num="36" count="1" type="stmt"/>
        <line num="37" count="1" type="stmt"/>
        <line num="39" count="0" type="cond" truecount="0" falsecount="2"/>
        <line num="40" count="0" type="stmt"/>
        <line num="45" count="8" type="stmt"/>
        <line num="46" count="2" type="stmt"/>
        <line num="47" count="2" type="stmt"/>
        <line num="48" count="2" type="cond" truecount="2" falsecount="0"/>
        <line num="49" count="1" type="stmt"/>
        <line num="51" count="1" type="stmt"/>
        <line num="53" count="2" type="stmt"/>
        <line num="55" count="0" type="cond" truecount="0" falsecount="2"/>
        <line num="56" count="0" type="stmt"/>
        <line num="61" count="8" type="stmt"/>
        <line num="62" count="1" type="stmt"/>
        <line num="66" count="8" type="stmt"/>
        <line num="67" count="2" type="stmt"/>
        <line num="68" count="2" type="stmt"/>
        <line num="69" count="1" type="stmt"/>
        <line num="70" count="1" type="stmt"/>
        <line num="72" count="1" type="cond" truecount="1" falsecount="1"/>
        <line num="73" count="1" type="stmt"/>
        <line num="77" count="8" type="stmt"/>
      </file>
    </package>
    <package name="server.routes">
      <metrics statements="461" coveredstatements="393" conditionals="302" coveredconditionals="213" methods="62" coveredmethods="57"/>
      <file name="board.ts" path="D:\maestro2\dashboard\src\server\routes\board.ts">
        <metrics statements="6" coveredstatements="6" conditionals="0" coveredconditionals="0" methods="3" coveredmethods="3"/>
        <line num="12" count="36" type="stmt"/>
        <line num="14" count="36" type="stmt"/>
        <line num="15" count="12" type="stmt"/>
        <line num="18" count="36" type="stmt"/>
        <line num="19" count="3" type="stmt"/>
        <line num="22" count="36" type="stmt"/>
      </file>
      <file name="events.ts" path="D:\maestro2\dashboard\src\server\routes\events.ts">
        <metrics statements="20" coveredstatements="13" conditionals="4" coveredconditionals="3" methods="7" coveredmethods="4"/>
        <line num="22" count="11" type="stmt"/>
        <line num="24" count="11" type="stmt"/>
        <line num="26" count="2" type="cond" truecount="2" falsecount="0"/>
        <line num="27" count="1" type="stmt"/>
        <line num="30" count="1" type="stmt"/>
        <line num="32" count="1" type="stmt"/>
        <line num="34" count="0" type="stmt"/>
        <line num="37" count="0" type="stmt"/>
        <line num="41" count="1" type="cond" truecount="1" falsecount="1"/>
        <line num="43" count="0" type="stmt"/>
        <line num="47" count="0" type="stmt"/>
        <line num="48" count="0" type="stmt"/>
        <line num="53" count="1" type="stmt"/>
        <line num="54" count="1" type="stmt"/>
        <line num="55" count="1" type="stmt"/>
        <line num="58" count="1" type="stmt"/>
        <line num="59" count="1" type="stmt"/>
        <line num="60" count="0" type="stmt"/>
        <line num="61" count="0" type="stmt"/>
        <line num="67" count="11" type="stmt"/>
      </file>
      <file name="execution.ts" path="D:\maestro2\dashboard\src\server\routes\execution.ts">
        <metrics statements="55" coveredstatements="48" conditionals="36" coveredconditionals="27" methods="7" coveredmethods="7"/>
        <line num="9" count="1" type="stmt"/>
        <line num="23" count="15" type="stmt"/>
        <line num="26" count="15" type="stmt"/>
        <line num="27" count="5" type="stmt"/>
        <line num="28" count="5" type="stmt"/>
        <line num="29" count="5" type="stmt"/>
        <line num="30" count="5" type="cond" truecount="4" falsecount="0"/>
        <line num="31" count="1" type="stmt"/>
        <line num="33" count="4" type="stmt"/>
        <line num="34" count="4" type="cond" truecount="4" falsecount="0"/>
        <line num="35" count="1" type="stmt"/>
        <line num="37" count="3" type="stmt"/>
        <line num="38" count="2" type="stmt"/>
        <line num="40" count="1" type="cond" truecount="1" falsecount="1"/>
        <line num="41" count="1" type="stmt"/>
        <line num="46" count="15" type="stmt"/>
        <line num="47" count="5" type="stmt"/>
        <line num="48" count="5" type="stmt"/>
        <line num="49" count="5" type="stmt"/>
        <line num="50" count="5" type="cond" truecount="5" falsecount="0"/>
        <line num="51" count="2" type="stmt"/>
        <line num="53" count="3" type="stmt"/>
        <line num="54" count="3" type="cond" truecount="3" falsecount="1"/>
        <line num="55" count="0" type="stmt"/>
        <line num="57" count="3" type="stmt"/>
        <line num="58" count="3" type="cond" truecount="5" falsecount="0"/>
        <line num="59" count="1" type="stmt"/>
        <line num="61" count="2" type="stmt"/>
        <line num="62" count="2" type="stmt"/>
        <line num="64" count="0" type="cond" truecount="0" falsecount="2"/>
        <line num="65" count="0" type="stmt"/>
        <line num="70" count="15" type="stmt"/>
        <line num="71" count="1" type="stmt"/>
        <line num="72" count="1" type="stmt"/>
        <line num="73" count="1" type="stmt"/>
        <line num="74" count="1" type="stmt"/>
        <line num="76" count="0" type="cond" truecount="0" falsecount="2"/>
        <line num="77" count="0" type="stmt"/>
        <line num="82" count="15" type="stmt"/>
        <line num="83" count="1" type="stmt"/>
        <line num="87" count="15" type="stmt"/>
        <line num="88" count="3" type="stmt"/>
        <line num="89" count="3" type="stmt"/>
        <line num="90" count="3" type="stmt"/>
        <line num="91" count="3" type="stmt"/>
        <line num="93" count="3" type="cond" truecount="2" falsecount="0"/>
        <line num="94" count="1" type="stmt"/>
        <line num="97" count="3" type="cond" truecount="2" falsecount="0"/>
        <line num="98" count="2" type="stmt"/>
        <line num="99" count="1" type="cond" truecount="1" falsecount="1"/>
        <line num="100" count="1" type="stmt"/>
        <line num="103" count="3" type="stmt"/>
        <line num="105" count="0" type="cond" truecount="0" falsecount="2"/>
        <line num="106" count="0" type="stmt"/>
        <line num="110" count="15" type="stmt"/>
      </file>
      <file name="issues.ts" path="D:\maestro2\dashboard\src\server\routes\issues.ts">
        <metrics statements="152" coveredstatements="126" conditionals="146" coveredconditionals="105" methods="20" coveredmethods="20"/>
        <line num="47" count="22" type="stmt"/>
        <line num="48" count="22" type="stmt"/>
        <line num="51" count="22" type="stmt"/>
        <line num="52" count="6" type="stmt"/>
        <line num="53" count="6" type="stmt"/>
        <line num="55" count="6" type="stmt"/>
        <line num="56" count="6" type="cond" truecount="4" falsecount="0"/>
        <line num="57" count="9" type="stmt"/>
        <line num="60" count="6" type="stmt"/>
        <line num="61" count="6" type="cond" truecount="4" falsecount="0"/>
        <line num="62" count="3" type="stmt"/>
        <line num="65" count="6" type="stmt"/>
        <line num="67" count="0" type="cond" truecount="0" falsecount="2"/>
        <line num="68" count="0" type="stmt"/>
        <line num="73" count="22" type="stmt"/>
        <line num="74" count="13" type="stmt"/>
        <line num="75" count="13" type="stmt"/>
        <line num="78" count="13" type="cond" truecount="5" falsecount="0"/>
        <line num="79" count="1" type="stmt"/>
        <line num="81" count="12" type="cond" truecount="4" falsecount="0"/>
        <line num="82" count="1" type="stmt"/>
        <line num="86" count="11" type="cond" truecount="4" falsecount="0"/>
        <line num="87" count="1" type="stmt"/>
        <line num="89" count="10" type="cond" truecount="4" falsecount="0"/>
        <line num="90" count="1" type="stmt"/>
        <line num="93" count="9" type="stmt"/>
        <line num="94" count="9" type="stmt"/>
        <line num="106" count="13" type="cond" truecount="2" falsecount="2"/>
        <line num="107" count="0" type="stmt"/>
        <line num="109" count="9" type="cond" truecount="2" falsecount="2"/>
        <line num="110" count="0" type="stmt"/>
        <line num="113" count="9" type="stmt"/>
        <line num="114" count="9" type="stmt"/>
        <line num="116" count="0" type="cond" truecount="0" falsecount="2"/>
        <line num="117" count="0" type="stmt"/>
        <line num="122" count="22" type="stmt"/>
        <line num="123" count="6" type="stmt"/>
        <line num="124" count="6" type="stmt"/>
        <line num="125" count="6" type="stmt"/>
        <line num="128" count="6" type="cond" truecount="2" falsecount="2"/>
        <line num="129" count="0" type="stmt"/>
        <line num="131" count="6" type="cond" truecount="2" falsecount="2"/>
        <line num="132" count="0" type="stmt"/>
        <line num="134" count="6" type="cond" truecount="3" falsecount="1"/>
        <line num="135" count="0" type="stmt"/>
        <line num="138" count="6" type="stmt"/>
        <line num="140" count="6" type="stmt"/>
        <line num="141" count="6" type="stmt"/>
        <line num="142" count="6" type="stmt"/>
        <line num="143" count="6" type="cond" truecount="2" falsecount="0"/>
        <line num="145" count="5" type="stmt"/>
        <line num="146" count="5" type="cond" truecount="2" falsecount="2"/>
        <line num="147" count="5" type="cond" truecount="2" falsecount="2"/>
        <line num="148" count="5" type="cond" truecount="1" falsecount="1"/>
        <line num="149" count="5" type="cond" truecount="1" falsecount="1"/>
        <line num="150" count="5" type="cond" truecount="1" falsecount="1"/>
        <line num="151" count="5" type="cond" truecount="1" falsecount="1"/>
        <line num="152" count="5" type="cond" truecount="1" falsecount="1"/>
        <line num="154" count="5" type="stmt"/>
        <line num="159" count="5" type="stmt"/>
        <line num="160" count="5" type="stmt"/>
        <line num="163" count="6" type="cond" truecount="2" falsecount="0"/>
        <line num="164" count="1" type="stmt"/>
        <line num="166" count="5" type="stmt"/>
        <line num="168" count="0" type="cond" truecount="0" falsecount="2"/>
        <line num="169" count="0" type="stmt"/>
        <line num="174" count="22" type="stmt"/>
        <line num="175" count="8" type="stmt"/>
        <line num="176" count="8" type="stmt"/>
        <line num="177" count="8" type="stmt"/>
        <line num="178" count="8" type="stmt"/>
        <line num="179" count="8" type="cond" truecount="2" falsecount="0"/>
        <line num="180" count="2" type="stmt"/>
        <line num="182" count="6" type="stmt"/>
        <line num="184" count="0" type="cond" truecount="0" falsecount="2"/>
        <line num="185" count="0" type="stmt"/>
        <line num="190" count="22" type="stmt"/>
        <line num="191" count="8" type="stmt"/>
        <line num="192" count="8" type="stmt"/>
        <line num="193" count="8" type="stmt"/>
        <line num="196" count="8" type="cond" truecount="4" falsecount="0"/>
        <line num="197" count="1" type="stmt"/>
        <line num="199" count="7" type="cond" truecount="3" falsecount="1"/>
        <line num="200" count="0" type="stmt"/>
        <line num="202" count="7" type="cond" truecount="1" falsecount="1"/>
        <line num="203" count="0" type="stmt"/>
        <line num="205" count="7" type="cond" truecount="5" falsecount="0"/>
        <line num="206" count="2" type="stmt"/>
        <line num="208" count="5" type="cond" truecount="3" falsecount="1"/>
        <line num="209" count="0" type="stmt"/>
        <line num="211" count="5" type="cond" truecount="3" falsecount="1"/>
        <line num="212" count="0" type="stmt"/>
        <line num="214" count="5" type="cond" truecount="3" falsecount="1"/>
        <line num="215" count="0" type="stmt"/>
        <line num="218" count="5" type="stmt"/>
        <line num="228" count="5" type="stmt"/>
        <line num="230" count="5" type="stmt"/>
        <line num="231" count="5" type="stmt"/>
        <line num="232" count="5" type="stmt"/>
        <line num="233" count="5" type="cond" truecount="2" falsecount="0"/>
        <line num="235" count="3" type="stmt"/>
        <line num="240" count="3" type="stmt"/>
        <line num="241" count="3" type="stmt"/>
        <line num="244" count="5" type="cond" truecount="2" falsecount="0"/>
        <line num="245" count="2" type="stmt"/>
        <line num="247" count="3" type="stmt"/>
        <line num="249" count="0" type="cond" truecount="0" falsecount="2"/>
        <line num="250" count="0" type="stmt"/>
        <line num="255" count="22" type="stmt"/>
        <line num="256" count="7" type="stmt"/>
        <line num="257" count="7" type="stmt"/>
        <line num="258" count="7" type="stmt"/>
        <line num="261" count="7" type="cond" truecount="4" falsecount="0"/>
        <line num="262" count="2" type="stmt"/>
        <line num="264" count="5" type="cond" truecount="4" falsecount="0"/>
        <line num="265" count="1" type="stmt"/>
        <line num="267" count="4" type="cond" truecount="3" falsecount="1"/>
        <line num="268" count="0" type="stmt"/>
        <line num="272" count="4" type="stmt"/>
        <line num="277" count="4" type="cond" truecount="3" falsecount="1"/>
        <line num="278" count="4" type="stmt"/>
        <line num="280" count="4" type="cond" truecount="2" falsecount="2"/>
        <line num="281" count="0" type="stmt"/>
        <line num="284" count="4" type="stmt"/>
        <line num="286" count="4" type="stmt"/>
        <line num="287" count="4" type="stmt"/>
        <line num="288" count="4" type="stmt"/>
        <line num="289" count="4" type="cond" truecount="2" falsecount="0"/>
        <line num="291" count="3" type="stmt"/>
        <line num="296" count="3" type="stmt"/>
        <line num="297" count="3" type="stmt"/>
        <line num="300" count="4" type="cond" truecount="2" falsecount="0"/>
        <line num="301" count="1" type="stmt"/>
        <line num="303" count="3" type="stmt"/>
        <line num="305" count="0" type="cond" truecount="0" falsecount="2"/>
        <line num="306" count="0" type="stmt"/>
        <line num="311" count="22" type="stmt"/>
        <line num="312" count="2" type="stmt"/>
        <line num="313" count="2" type="stmt"/>
        <line num="314" count="2" type="stmt"/>
        <line num="316" count="2" type="stmt"/>
        <line num="317" count="2" type="stmt"/>
        <line num="318" count="2" type="stmt"/>
        <line num="319" count="2" type="cond" truecount="2" falsecount="0"/>
        <line num="320" count="1" type="stmt"/>
        <line num="321" count="1" type="stmt"/>
        <line num="325" count="2" type="cond" truecount="2" falsecount="0"/>
        <line num="326" count="1" type="stmt"/>
        <line num="328" count="1" type="stmt"/>
        <line num="330" count="0" type="cond" truecount="0" falsecount="2"/>
        <line num="331" count="0" type="stmt"/>
        <line num="335" count="22" type="stmt"/>
      </file>
      <file name="phases.ts" path="D:\maestro2\dashboard\src\server\routes\phases.ts">
        <metrics statements="22" coveredstatements="21" conditionals="8" coveredconditionals="7" methods="4" coveredmethods="4"/>
        <line num="13" count="36" type="stmt"/>
        <line num="15" count="36" type="stmt"/>
        <line num="16" count="1" type="stmt"/>
        <line num="17" count="1" type="stmt"/>
        <line num="20" count="36" type="stmt"/>
        <line num="21" count="5" type="stmt"/>
        <line num="22" count="5" type="cond" truecount="2" falsecount="0"/>
        <line num="23" count="1" type="stmt"/>
        <line num="26" count="4" type="stmt"/>
        <line num="27" count="4" type="cond" truecount="2" falsecount="0"/>
        <line num="28" count="1" type="stmt"/>
        <line num="31" count="3" type="stmt"/>
        <line num="34" count="36" type="stmt"/>
        <line num="35" count="4" type="stmt"/>
        <line num="36" count="4" type="cond" truecount="1" falsecount="1"/>
        <line num="37" count="0" type="stmt"/>
        <line num="40" count="4" type="stmt"/>
        <line num="41" count="4" type="cond" truecount="2" falsecount="0"/>
        <line num="42" count="1" type="stmt"/>
        <line num="45" count="3" type="stmt"/>
        <line num="46" count="3" type="stmt"/>
        <line num="49" count="36" type="stmt"/>
      </file>
      <file name="specs.ts" path="D:\maestro2\dashboard\src\server\routes\specs.ts">
        <metrics statements="206" coveredstatements="179" conditionals="108" coveredconditionals="71" methods="21" coveredmethods="19"/>
        <line num="42" count="1" type="stmt"/>
        <line num="46" count="1" type="stmt"/>
        <line num="55" count="27" type="stmt"/>
        <line num="56" count="27" type="stmt"/>
        <line num="57" count="47" type="cond" truecount="4" falsecount="0"/>
        <line num="59" count="0" type="stmt"/>
        <line num="60" count="0" type="cond" truecount="0" falsecount="2"/>
        <line num="73" count="17" type="stmt"/>
        <line num="74" count="17" type="cond" truecount="1" falsecount="1"/>
        <line num="75" count="0" type="stmt"/>
        <line num="77" count="17" type="stmt"/>
        <line num="78" count="17" type="cond" truecount="1" falsecount="1"/>
        <line num="79" count="0" type="stmt"/>
        <line num="81" count="17" type="stmt"/>
        <line num="82" count="17" type="stmt"/>
        <line num="83" count="17" type="stmt"/>
        <line num="85" count="17" type="stmt"/>
        <line num="86" count="17" type="stmt"/>
        <line num="88" count="17" type="stmt"/>
        <line num="89" count="82" type="stmt"/>
        <line num="90" count="82" type="cond" truecount="2" falsecount="2"/>
        <line num="91" count="0" type="stmt"/>
        <line num="92" count="0" type="stmt"/>
        <line num="94" count="82" type="cond" truecount="2" falsecount="2"/>
        <line num="95" count="0" type="stmt"/>
        <line num="96" count="0" type="stmt"/>
        <line num="98" count="82" type="stmt"/>
        <line num="99" count="82" type="cond" truecount="1" falsecount="1"/>
        <line num="100" count="82" type="stmt"/>
        <line num="101" count="82" type="stmt"/>
        <line num="102" count="82" type="stmt"/>
        <line num="103" count="82" type="cond" truecount="4" falsecount="0"/>
        <line num="104" count="16" type="stmt"/>
        <line num="105" count="66" type="cond" truecount="2" falsecount="2"/>
        <line num="106" count="0" type="stmt"/>
        <line num="108" count="66" type="stmt"/>
        <line num="111" count="17" type="cond" truecount="4" falsecount="0"/>
        <line num="112" count="16" type="stmt"/>
        <line num="114" count="17" type="stmt"/>
        <line num="122" count="1" type="stmt"/>
        <line num="129" count="17" type="stmt"/>
        <line num="130" count="17" type="stmt"/>
        <line num="131" count="17" type="stmt"/>
        <line num="133" count="17" type="stmt"/>
        <line num="134" count="196" type="stmt"/>
        <line num="135" count="196" type="cond" truecount="2" falsecount="0"/>
        <line num="136" count="27" type="cond" truecount="2" falsecount="0"/>
        <line num="137" count="27" type="stmt"/>
        <line num="138" count="169" type="cond" truecount="2" falsecount="0"/>
        <line num="139" count="100" type="stmt"/>
        <line num="142" count="17" type="cond" truecount="2" falsecount="0"/>
        <line num="144" count="17" type="stmt"/>
        <line num="145" count="17" type="stmt"/>
        <line num="147" count="17" type="stmt"/>
        <line num="148" count="27" type="stmt"/>
        <line num="149" count="27" type="stmt"/>
        <line num="151" count="27" type="cond" truecount="1" falsecount="1"/>
        <line num="153" count="27" type="stmt"/>
        <line num="154" count="27" type="stmt"/>
        <line num="157" count="27" type="stmt"/>
        <line num="158" count="27" type="cond" truecount="1" falsecount="1"/>
        <line num="160" count="27" type="stmt"/>
        <line num="163" count="17" type="stmt"/>
        <line num="171" count="18" type="stmt"/>
        <line num="175" count="6" type="stmt"/>
        <line num="176" count="6" type="stmt"/>
        <line num="177" count="6" type="stmt"/>
        <line num="179" count="1" type="stmt"/>
        <line num="184" count="18" type="stmt"/>
        <line num="188" count="5" type="stmt"/>
        <line num="189" count="5" type="stmt"/>
        <line num="196" count="1" type="stmt"/>
        <line num="199" count="6" type="stmt"/>
        <line num="201" count="6" type="stmt"/>
        <line num="202" count="6" type="stmt"/>
        <line num="219" count="15" type="stmt"/>
        <line num="225" count="15" type="stmt"/>
        <line num="226" count="5" type="stmt"/>
        <line num="227" count="5" type="stmt"/>
        <line num="228" count="5" type="stmt"/>
        <line num="229" count="5" type="stmt"/>
        <line num="231" count="5" type="stmt"/>
        <line num="232" count="5" type="stmt"/>
        <line num="233" count="5" type="stmt"/>
        <line num="234" count="5" type="stmt"/>
        <line num="235" count="5" type="stmt"/>
        <line num="238" count="5" type="stmt"/>
        <line num="240" count="0" type="cond" truecount="0" falsecount="2"/>
        <line num="241" count="0" type="stmt"/>
        <line num="249" count="15" type="stmt"/>
        <line num="250" count="1" type="stmt"/>
        <line num="251" count="1" type="stmt"/>
        <line num="252" count="1" type="stmt"/>
        <line num="253" count="1" type="stmt"/>
        <line num="255" count="1" type="stmt"/>
        <line num="256" count="1" type="stmt"/>
        <line num="257" count="1" type="stmt"/>
        <line num="258" count="1" type="stmt"/>
        <line num="259" count="1" type="stmt"/>
        <line num="268" count="1" type="stmt"/>
        <line num="270" count="0" type="cond" truecount="0" falsecount="2"/>
        <line num="271" count="0" type="stmt"/>
        <line num="279" count="15" type="stmt"/>
        <line num="280" count="7" type="stmt"/>
        <line num="281" count="7" type="stmt"/>
        <line num="283" count="7" type="cond" truecount="2" falsecount="0"/>
        <line num="284" count="1" type="stmt"/>
        <line num="287" count="6" type="stmt"/>
        <line num="289" count="6" type="stmt"/>
        <line num="290" count="6" type="stmt"/>
        <line num="292" count="1" type="stmt"/>
        <line num="295" count="5" type="stmt"/>
        <line num="296" count="5" type="stmt"/>
        <line num="298" count="5" type="stmt"/>
        <line num="300" count="0" type="cond" truecount="0" falsecount="2"/>
        <line num="301" count="0" type="stmt"/>
        <line num="309" count="15" type="stmt"/>
        <line num="310" count="5" type="stmt"/>
        <line num="311" count="5" type="stmt"/>
        <line num="312" count="5" type="stmt"/>
        <line num="314" count="5" type="cond" truecount="4" falsecount="0"/>
        <line num="315" count="1" type="stmt"/>
        <line num="317" count="4" type="cond" truecount="4" falsecount="0"/>
        <line num="318" count="1" type="stmt"/>
        <line num="321" count="3" type="cond" truecount="1" falsecount="1"/>
        <line num="322" count="5" type="cond" truecount="1" falsecount="1"/>
        <line num="323" count="0" type="stmt"/>
        <line num="326" count="3" type="cond" truecount="3" falsecount="1"/>
        <line num="327" count="5" type="stmt"/>
        <line num="328" count="5" type="stmt"/>
        <line num="329" count="5" type="stmt"/>
        <line num="330" count="5" type="stmt"/>
        <line num="332" count="5" type="stmt"/>
        <line num="334" count="5" type="stmt"/>
        <line num="335" count="3" type="stmt"/>
        <line num="336" count="3" type="stmt"/>
        <line num="337" count="3" type="stmt"/>
        <line num="338" count="3" type="stmt"/>
        <line num="341" count="2" type="stmt"/>
        <line num="342" count="2" type="stmt"/>
        <line num="345" count="3" type="stmt"/>
        <line num="346" count="3" type="stmt"/>
        <line num="349" count="3" type="stmt"/>
        <line num="350" count="3" type="stmt"/>
        <line num="351" count="3" type="cond" truecount="1" falsecount="1"/>
        <line num="352" count="3" type="stmt"/>
        <line num="356" count="3" type="stmt"/>
        <line num="358" count="0" type="cond" truecount="0" falsecount="2"/>
        <line num="359" count="0" type="stmt"/>
        <line num="367" count="15" type="stmt"/>
        <line num="368" count="4" type="stmt"/>
        <line num="369" count="4" type="stmt"/>
        <line num="371" count="4" type="stmt"/>
        <line num="372" count="4" type="cond" truecount="2" falsecount="0"/>
        <line num="373" count="1" type="stmt"/>
        <line num="375" count="3" type="stmt"/>
        <line num="376" count="3" type="cond" truecount="1" falsecount="1"/>
        <line num="377" count="0" type="stmt"/>
        <line num="379" count="3" type="stmt"/>
        <line num="381" count="3" type="stmt"/>
        <line num="383" count="3" type="stmt"/>
        <line num="384" count="3" type="stmt"/>
        <line num="386" count="3" type="stmt"/>
        <line num="387" count="3" type="stmt"/>
        <line num="389" count="0" type="stmt"/>
        <line num="392" count="3" type="stmt"/>
        <line num="393" count="3" type="stmt"/>
        <line num="394" count="4" type="stmt"/>
        <line num="395" count="3" type="cond" truecount="2" falsecount="0"/>
        <line num="397" count="2" type="stmt"/>
        <line num="401" count="2" type="stmt"/>
        <line num="402" count="2" type="stmt"/>
        <line num="404" count="2" type="stmt"/>
        <line num="406" count="2" type="stmt"/>
        <line num="407" count="2" type="stmt"/>
        <line num="408" count="22" type="stmt"/>
        <line num="409" count="22" type="cond" truecount="4" falsecount="0"/>
        <line num="410" count="2" type="stmt"/>
        <line num="411" count="2" type="stmt"/>
        <line num="415" count="2" type="cond" truecount="1" falsecount="1"/>
        <line num="417" count="0" type="stmt"/>
        <line num="418" count="0" type="stmt"/>
        <line num="419" count="0" type="cond" truecount="0" falsecount="4"/>
        <line num="420" count="0" type="stmt"/>
        <line num="421" count="0" type="stmt"/>
        <line num="426" count="2" type="cond" truecount="1" falsecount="1"/>
        <line num="429" count="2" type="stmt"/>
        <line num="430" count="2" type="stmt"/>
        <line num="431" count="2" type="cond" truecount="1" falsecount="1"/>
        <line num="433" count="3" type="stmt"/>
        <line num="434" count="8" type="stmt"/>
        <line num="435" count="8" type="cond" truecount="4" falsecount="0"/>
        <line num="436" count="1" type="stmt"/>
        <line num="437" count="1" type="stmt"/>
        <line num="442" count="2" type="stmt"/>
        <line num="443" count="2" type="stmt"/>
        <line num="446" count="2" type="cond" truecount="2" falsecount="0"/>
        <line num="447" count="2" type="stmt"/>
        <line num="450" count="2" type="cond" truecount="2" falsecount="0"/>
        <line num="451" count="3" type="stmt"/>
        <line num="454" count="3" type="cond" truecount="2" falsecount="0"/>
        <line num="455" count="1" type="stmt"/>
        <line num="457" count="2" type="stmt"/>
        <line num="459" count="0" type="cond" truecount="0" falsecount="2"/>
        <line num="460" count="0" type="stmt"/>
        <line num="464" count="15" type="stmt"/>
      </file>
    </package>
    <package name="server.sse">
      <metrics statements="42" coveredstatements="42" conditionals="8" coveredconditionals="6" methods="11" coveredmethods="11"/>
      <file name="sse-hub.ts" path="D:\maestro2\dashboard\src\server\sse\sse-hub.ts">
        <metrics statements="42" coveredstatements="42" conditionals="8" coveredconditionals="6" methods="11" coveredmethods="11"/>
        <line num="20" count="36" type="stmt"/>
        <line num="23" count="36" type="stmt"/>
        <line num="24" count="36" type="stmt"/>
        <line num="29" count="36" type="stmt"/>
        <line num="32" count="36" type="cond" truecount="1" falsecount="1"/>
        <line num="33" count="36" type="cond" truecount="1" falsecount="1"/>
        <line num="36" count="36" type="stmt"/>
        <line num="37" count="44" type="stmt"/>
        <line num="39" count="36" type="stmt"/>
        <line num="41" count="36" type="stmt"/>
        <line num="49" count="42" type="stmt"/>
        <line num="57" count="40" type="cond" truecount="2" falsecount="0"/>
        <line num="58" count="2" type="stmt"/>
        <line num="61" count="38" type="stmt"/>
        <line num="62" count="38" type="stmt"/>
        <line num="63" count="38" type="stmt"/>
        <line num="68" count="2" type="stmt"/>
        <line num="73" count="17" type="stmt"/>
        <line num="78" count="46" type="stmt"/>
        <line num="79" count="46" type="stmt"/>
        <line num="81" count="46" type="stmt"/>
        <line num="82" count="24" type="stmt"/>
        <line num="83" count="24" type="stmt"/>
        <line num="85" count="2" type="stmt"/>
        <line num="90" count="46" type="stmt"/>
        <line num="91" count="2" type="stmt"/>
        <line num="97" count="39" type="cond" truecount="2" falsecount="0"/>
        <line num="98" count="36" type="stmt"/>
        <line num="99" count="36" type="stmt"/>
        <line num="101" count="39" type="stmt"/>
        <line num="102" count="39" type="stmt"/>
        <line num="110" count="36" type="stmt"/>
        <line num="111" count="2" type="stmt"/>
        <line num="112" count="2" type="stmt"/>
        <line num="114" count="2" type="stmt"/>
        <line num="115" count="2" type="stmt"/>
        <line num="116" count="2" type="stmt"/>
        <line num="118" count="1" type="stmt"/>
        <line num="122" count="2" type="stmt"/>
        <line num="123" count="1" type="stmt"/>
        <line num="135" count="46" type="stmt"/>
        <line num="136" count="46" type="stmt"/>
      </file>
    </package>
    <package name="server.state">
      <metrics statements="137" coveredstatements="129" conditionals="52" coveredconditionals="39" methods="37" coveredmethods="37"/>
      <file name="event-bus.ts" path="D:\maestro2\dashboard\src\server\state\event-bus.ts">
        <metrics statements="12" coveredstatements="12" conditionals="0" coveredconditionals="0" methods="7" coveredmethods="7"/>
        <line num="31" count="5" type="stmt"/>
        <line num="84" count="72" type="stmt"/>
        <line num="88" count="72" type="stmt"/>
        <line num="96" count="93" type="stmt"/>
        <line num="101" count="93" type="stmt"/>
        <line num="109" count="7" type="stmt"/>
        <line num="117" count="1" type="stmt"/>
        <line num="122" count="37" type="stmt"/>
        <line num="123" count="666" type="stmt"/>
        <line num="129" count="40" type="stmt"/>
        <line num="130" count="720" type="stmt"/>
        <line num="136" count="37" type="stmt"/>
      </file>
      <file name="file-reader.ts" path="D:\maestro2\dashboard\src\server\state\file-reader.ts">
        <metrics statements="17" coveredstatements="16" conditionals="12" coveredconditionals="11" methods="4" coveredmethods="4"/>
        <line num="7" count="4" type="stmt"/>
        <line num="8" count="4" type="stmt"/>
        <line num="11" count="2" type="stmt"/>
        <line num="25" count="122" type="stmt"/>
        <line num="26" count="124" type="stmt"/>
        <line num="27" count="124" type="stmt"/>
        <line num="28" count="105" type="stmt"/>
        <line num="31" count="22" type="cond" truecount="2" falsecount="0"/>
        <line num="32" count="19" type="stmt"/>
        <line num="35" count="3" type="stmt"/>
        <line num="38" count="3" type="cond" truecount="4" falsecount="0"/>
        <line num="39" count="2" type="stmt"/>
        <line num="40" count="2" type="stmt"/>
        <line num="44" count="1" type="cond" truecount="1" falsecount="1"/>
        <line num="45" count="0" type="stmt"/>
        <line num="51" count="1" type="stmt"/>
        <line num="61" count="22" type="stmt"/>
      </file>
      <file name="state-manager.ts" path="D:\maestro2\dashboard\src\server\state\state-manager.ts">
        <metrics statements="108" coveredstatements="101" conditionals="40" coveredconditionals="28" methods="26" coveredmethods="26"/>
        <line num="23" count="59" type="stmt"/>
        <line num="26" count="59" type="stmt"/>
        <line num="27" count="59" type="stmt"/>
        <line num="29" count="59" type="stmt"/>
        <line num="34" count="20" type="stmt"/>
        <line num="39" count="7" type="stmt"/>
        <line num="44" count="13" type="stmt"/>
        <line num="50" count="8" type="stmt"/>
        <line num="51" count="8" type="cond" truecount="2" falsecount="0"/>
        <line num="53" count="1" type="stmt"/>
        <line num="54" count="1" type="cond" truecount="1" falsecount="1"/>
        <line num="55" count="0" type="stmt"/>
        <line num="56" count="0" type="stmt"/>
        <line num="64" count="46" type="stmt"/>
        <line num="68" count="46" type="stmt"/>
        <line num="69" count="46" type="stmt"/>
        <line num="71" count="46" type="stmt"/>
        <line num="78" count="46" type="stmt"/>
        <line num="79" count="46" type="stmt"/>
        <line num="87" count="33" type="stmt"/>
        <line num="90" count="33" type="cond" truecount="2" falsecount="0"/>
        <line num="91" count="5" type="stmt"/>
        <line num="92" count="4" type="cond" truecount="1" falsecount="1"/>
        <line num="93" count="4" type="stmt"/>
        <line num="94" count="4" type="stmt"/>
        <line num="95" count="4" type="stmt"/>
        <line num="97" count="4" type="stmt"/>
        <line num="101" count="28" type="stmt"/>
        <line num="102" count="28" type="cond" truecount="2" falsecount="0"/>
        <line num="103" count="17" type="stmt"/>
        <line num="104" count="17" type="cond" truecount="1" falsecount="1"/>
        <line num="105" count="17" type="stmt"/>
        <line num="106" count="17" type="stmt"/>
        <line num="107" count="17" type="stmt"/>
        <line num="109" count="17" type="stmt"/>
        <line num="113" count="11" type="stmt"/>
        <line num="114" count="11" type="cond" truecount="2" falsecount="0"/>
        <line num="115" count="4" type="stmt"/>
        <line num="116" count="4" type="cond" truecount="1" falsecount="1"/>
        <line num="117" count="4" type="stmt"/>
        <line num="118" count="4" type="stmt"/>
        <line num="120" count="4" type="stmt"/>
        <line num="124" count="7" type="stmt"/>
        <line num="125" count="7" type="cond" truecount="2" falsecount="0"/>
        <line num="126" count="5" type="stmt"/>
        <line num="127" count="5" type="cond" truecount="1" falsecount="1"/>
        <line num="128" count="5" type="stmt"/>
        <line num="129" count="5" type="stmt"/>
        <line num="130" count="5" type="stmt"/>
        <line num="132" count="5" type="stmt"/>
        <line num="141" count="27" type="stmt"/>
        <line num="142" count="17" type="cond" truecount="2" falsecount="0"/>
        <line num="143" count="10" type="stmt"/>
        <line num="145" count="7" type="stmt"/>
        <line num="146" count="7" type="stmt"/>
        <line num="151" count="5" type="stmt"/>
        <line num="152" count="5" type="cond" truecount="2" falsecount="0"/>
        <line num="153" count="2" type="stmt"/>
        <line num="155" count="3" type="stmt"/>
        <line num="160" count="46" type="stmt"/>
        <line num="161" count="46" type="stmt"/>
        <line num="162" count="46" type="stmt"/>
        <line num="163" count="46" type="stmt"/>
        <line num="165" count="46" type="stmt"/>
        <line num="166" count="32" type="stmt"/>
        <line num="167" count="32" type="stmt"/>
        <line num="168" count="32" type="stmt"/>
        <line num="169" count="32" type="cond" truecount="1" falsecount="1"/>
        <line num="170" count="32" type="stmt"/>
        <line num="171" count="32" type="stmt"/>
        <line num="175" count="46" type="stmt"/>
        <line num="176" count="46" type="stmt"/>
        <line num="180" count="46" type="stmt"/>
        <line num="181" count="46" type="stmt"/>
        <line num="182" count="46" type="stmt"/>
        <line num="184" count="46" type="stmt"/>
        <line num="185" count="3" type="stmt"/>
        <line num="186" count="3" type="stmt"/>
        <line num="187" count="3" type="cond" truecount="1" falsecount="1"/>
        <line num="188" count="3" type="stmt"/>
        <line num="192" count="46" type="stmt"/>
        <line num="204" count="1" type="stmt"/>
        <line num="205" count="1" type="stmt"/>
        <line num="207" count="1" type="stmt"/>
        <line num="208" count="0" type="stmt"/>
        <line num="209" count="0" type="stmt"/>
        <line num="210" count="0" type="cond" truecount="0" falsecount="4"/>
        <line num="211" count="0" type="stmt"/>
        <line num="215" count="1" type="stmt"/>
        <line num="219" count="7" type="stmt"/>
        <line num="220" count="7" type="stmt"/>
        <line num="221" count="7" type="stmt"/>
        <line num="223" count="7" type="stmt"/>
        <line num="224" count="11" type="cond" truecount="4" falsecount="0"/>
        <line num="225" count="10" type="stmt"/>
        <line num="226" count="10" type="cond" truecount="1" falsecount="1"/>
        <line num="227" count="10" type="stmt"/>
        <line num="231" count="7" type="stmt"/>
        <line num="235" count="93" type="stmt"/>
        <line num="236" count="93" type="stmt"/>
        <line num="237" count="35" type="stmt"/>
        <line num="239" count="70" type="stmt"/>
        <line num="244" count="7" type="stmt"/>
        <line num="245" count="7" type="stmt"/>
        <line num="246" count="11" type="stmt"/>
        <line num="248" count="0" type="stmt"/>
        <line num="253" count="78" type="stmt"/>
        <line num="266" count="59" type="stmt"/>
      </file>
    </package>
    <package name="server.utils">
      <metrics statements="26" coveredstatements="26" conditionals="6" coveredconditionals="5" methods="7" coveredmethods="7"/>
      <file name="issue-store.ts" path="D:\maestro2\dashboard\src\server\utils\issue-store.ts">
        <metrics statements="26" coveredstatements="26" conditionals="6" coveredconditionals="5" methods="7" coveredmethods="7"/>
        <line num="18" count="4" type="stmt"/>
        <line num="21" count="36" type="stmt"/>
        <line num="23" count="36" type="stmt"/>
        <line num="24" count="36" type="stmt"/>
        <line num="33" count="110" type="stmt"/>
        <line num="34" count="110" type="stmt"/>
        <line num="35" count="110" type="stmt"/>
        <line num="41" count="56" type="stmt"/>
        <line num="42" count="56" type="stmt"/>
        <line num="44" count="6" type="stmt"/>
        <line num="46" count="50" type="stmt"/>
        <line num="47" count="50" type="stmt"/>
        <line num="48" count="126" type="stmt"/>
        <line num="49" count="126" type="cond" truecount="2" falsecount="0"/>
        <line num="50" count="73" type="stmt"/>
        <line num="51" count="73" type="stmt"/>
        <line num="56" count="50" type="stmt"/>
        <line num="61" count="34" type="stmt"/>
        <line num="62" count="45" type="stmt"/>
        <line num="63" count="34" type="stmt"/>
        <line num="68" count="11" type="stmt"/>
        <line num="69" count="11" type="stmt"/>
        <line num="70" count="11" type="stmt"/>
        <line num="71" count="11" type="stmt"/>
        <line num="75" count="11" type="cond" truecount="3" falsecount="1"/>
        <line num="76" count="11" type="stmt"/>
      </file>
    </package>
    <package name="shared">
      <metrics statements="32" coveredstatements="31" conditionals="9" coveredconditionals="8" methods="2" coveredmethods="2"/>
      <file name="commander-types.ts" path="D:\maestro2\dashboard\src\shared\commander-types.ts">
        <metrics statements="1" coveredstatements="1" conditionals="0" coveredconditionals="0" methods="0" coveredmethods="0"/>
        <line num="112" count="3" type="stmt"/>
      </file>
      <file name="constants.ts" path="D:\maestro2\dashboard\src\shared\constants.ts">
        <metrics statements="27" coveredstatements="26" conditionals="9" coveredconditionals="8" methods="1" coveredmethods="1"/>
        <line num="10" count="8" type="stmt"/>
        <line num="21" count="8" type="stmt"/>
        <line num="39" count="8" type="stmt"/>
        <line num="50" count="8" type="stmt"/>
        <line num="65" count="8" type="stmt"/>
        <line num="85" count="8" type="stmt"/>
        <line num="95" count="8" type="stmt"/>
        <line num="118" count="8" type="stmt"/>
        <line num="124" count="8" type="stmt"/>
        <line num="153" count="8" type="stmt"/>
        <line num="166" count="8" type="stmt"/>
        <line num="175" count="8" type="stmt"/>
        <line num="187" count="8" type="stmt"/>
        <line num="199" count="8" type="stmt"/>
        <line num="205" count="8" type="stmt"/>
        <line num="217" count="8" type="stmt"/>
        <line num="232" count="8" type="stmt"/>
        <line num="242" count="8" type="stmt"/>
        <line num="265" count="8" type="stmt"/>
        <line num="279" count="11" type="cond" truecount="4" falsecount="1"/>
        <line num="281" count="2" type="stmt"/>
        <line num="283" count="2" type="stmt"/>
        <line num="285" count="2" type="stmt"/>
        <line num="287" count="5" type="cond" truecount="2" falsecount="0"/>
        <line num="288" count="3" type="cond" truecount="2" falsecount="0"/>
        <line num="289" count="2" type="stmt"/>
        <line num="291" count="0" type="stmt"/>
      </file>
      <file name="issue-types.ts" path="D:\maestro2\dashboard\src\shared\issue-types.ts">
        <metrics statements="3" coveredstatements="3" conditionals="0" coveredconditionals="0" methods="0" coveredmethods="0"/>
        <line num="106" count="2" type="stmt"/>
        <line num="110" count="2" type="stmt"/>
        <line num="114" count="2" type="stmt"/>
      </file>
      <file name="utils.ts" path="D:\maestro2\dashboard\src\shared\utils.ts">
        <metrics statements="1" coveredstatements="1" conditionals="0" coveredconditionals="0" methods="1" coveredmethods="1"/>
        <line num="5" count="38" type="stmt"/>
      </file>
    </package>
  </project>
</coverage>
